<?xml version="1.0" encoding="UTF-8"?>
<testsuite name="com.java.client.test.FredApiTest" tests="7" skipped="0" failures="0" errors="0" timestamp="2014-10-01T21:29:50" hostname="NOC-104" time="2.634">
  <properties/>
  <testcase name="categoryChildrenTest" classname="com.java.client.test.FredApiTest" time="0.559"/>
  <testcase name="seriesTestWithData" classname="com.java.client.test.FredApiTest" time="0.259"/>
  <testcase name="categorySeriesTest" classname="com.java.client.test.FredApiTest" time="0.108"/>
  <testcase name="releaseSeriesTest" classname="com.java.client.test.FredApiTest" time="1.356"/>
  <testcase name="seriesTestNoData" classname="com.java.client.test.FredApiTest" time="0.066"/>
  <testcase name="releaseTest" classname="com.java.client.test.FredApiTest" time="0.243"/>
  <testcase name="categoryTest" classname="com.java.client.test.FredApiTest" time="0.042"/>
  <system-out><![CDATA[]]></system-out>
  <system-err><![CDATA[]]></system-err>
</testsuite>
